<?xml version="1.0" encoding="UTF-8"?>
<!-- Generated by org.testng.reporters.JUnitReportReporter -->
<testsuite hostname="TYSS-Mamatha" failures="0" tests="1" name="mavenExcecutions.ExtentReport" time="0.429" errors="0" timestamp="2022-11-11T09:44:19 IST" skipped="0">
  <testcase classname="mavenExcecutions.ExtentReport" name="Extent" time="0.429"/>
  <system-out/>
</testsuite> <!-- mavenExcecutions.ExtentReport -->
