<?xml version="1.0" encoding="UTF-8"?>
<!-- Generated by org.testng.reporters.JUnitReportReporter -->
<testsuite hostname="TYSS-Mamatha" failures="0" tests="1" name="homeModlue.TC_ID" time="0.625" errors="0" timestamp="2022-11-15T09:25:19 IST" skipped="0">
  <testcase classname="homeModlue.TC_ID" name="TestCaseDescription" time="0.625"/>
  <system-out/>
</testsuite> <!-- homeModlue.TC_ID -->
