<?xml version="1.0" encoding="UTF-8"?>
<!-- Generated by org.testng.reporters.JUnitReportReporter -->
<testsuite hostname="TYSS-Mamatha" failures="0" tests="2" name="crossbrowserexecutoins.TestCase01_Test" time="4.499" errors="0" timestamp="2022-11-08T10:09:27 IST" skipped="0">
  <testcase classname="crossbrowserexecutoins.TestCase01_Test" name="testcase" time="2.247"/>
  <system-out/>
  <testcase classname="crossbrowserexecutoins.TestCase01_Test" name="testcase" time="2.252"/>
  <system-out/>
</testsuite> <!-- crossbrowserexecutoins.TestCase01_Test -->
