<?xml version="1.0" encoding="UTF-8"?>
<!-- Generated by org.testng.reporters.JUnitReportReporter -->
<testsuite hostname="TYSS-Mamatha" failures="0" tests="1" name="crossbrowserexecutoins.TestCase01_Test2" time="0.005" errors="0" timestamp="2022-11-08T09:19:30 IST" skipped="0">
  <testcase classname="crossbrowserexecutoins.TestCase01_Test2" name="testcase" time="0.005"/>
  <system-out/>
</testsuite> <!-- crossbrowserexecutoins.TestCase01_Test2 -->
