<?xml version="1.0" encoding="UTF-8"?>
<!-- Generated by org.testng.reporters.JUnitReportReporter -->
<testsuite hostname="TYSS-Mamatha" failures="0" tests="1" name="mavenExcecutions.AdvancedExtent" time="0.418" errors="0" timestamp="2022-11-11T09:53:52 IST" skipped="0">
  <testcase classname="mavenExcecutions.AdvancedExtent" name="Extent" time="0.418"/>
  <system-out/>
</testsuite> <!-- mavenExcecutions.AdvancedExtent -->
