<?xml version="1.0" encoding="UTF-8"?>
<!-- Generated by org.testng.reporters.JUnitReportReporter -->
<testsuite hostname="TYSS-Mamatha" failures="0" tests="1" name="homeModlue.demo" time="0.010" errors="0" timestamp="2022-11-16T10:14:15 IST" skipped="0">
  <testcase classname="homeModlue.demo" name="disp" time="0.010"/>
  <system-out/>
</testsuite> <!-- homeModlue.demo -->
