<?xml version="1.0" encoding="UTF-8"?>
<!-- Generated by org.testng.reporters.JUnitReportReporter -->
<testsuite hostname="TYSS-Mamatha" failures="0" tests="1" name="crossbrowserexecutoins.Cbt" time="1.401" errors="0" timestamp="2022-11-08T10:00:42 IST" skipped="0">
  <testcase classname="crossbrowserexecutoins.Cbt" name="crossBrowser" time="1.401"/>
  <system-out/>
</testsuite> <!-- crossbrowserexecutoins.Cbt -->
